000000000040124e t ___
0000000000602100 B __bss_start
0000000000601e90 d _DYNAMIC
0000000000602100 D _edata
0000000000602138 B _end
                 U _exit@@GLIBC_2.2.5
                 U exit@@GLIBC_2.2.5
                 U fgets@@GLIBC_2.2.5
00000000006020e0 d filename
                 U fprintf@@GLIBC_2.2.5
                 U free@@GLIBC_2.2.5
                 U getenv@@GLIBC_2.2.5
0000000000602000 d _GLOBAL_OFFSET_TABLE_
0000000000401a01 R head
00000000006020c0 d hidden_message
00000000006020f8 d hidden_phrase
                 U __isoc99_sscanf@@GLIBC_2.7
0000000000400980 T main
                 U malloc@@GLIBC_2.2.5
                 U memalign@@GLIBC_2.2.5
                 U memcpy@@GLIBC_2.14
                 U mprotect@@GLIBC_2.2.5
                 U printf@@GLIBC_2.2.5
                 U ptrace@@GLIBC_2.2.5
                 U puts@@GLIBC_2.2.5
                 U __stack_chk_fail@@GLIBC_2.4
0000000000400e83 T stage_1
0000000000400ea7 T stage_2
0000000000400ee1 T stage_3
0000000000400f95 T stage_4
0000000000401093 T stage_5
000000000040131f T stage_6
00000000004013aa T stage_7
00000000004016c3 T stage_8
00000000004009f7 T stage_defused
000000000040150a T stage_secret
00000000004014e0 T stage_super_duper_secret
0000000000401430 T _start
0000000000602120 B stderr@@GLIBC_2.2.5
0000000000602100 B stdin@@GLIBC_2.2.5
                 U strchr@@GLIBC_2.2.5
                 U strcmp@@GLIBC_2.2.5
                 U strlen@@GLIBC_2.2.5
                 U strncat@@GLIBC_2.2.5
                 U syscall@@GLIBC_2.2.5
